[DEBUG][2017-07-03 15:41:40][org.apache.commons.beanutils.converters.AbstractConverter.setDefaultValue(AbstractConverter.java:336)]Setting default value: false
[DEBUG][2017-07-03 15:41:40][org.apache.commons.beanutils.converters.AbstractConverter.convert(AbstractConverter.java:127)]Converting 'Boolean' value 'false' to type 'Boolean'
[DEBUG][2017-07-03 15:41:40][org.apache.commons.beanutils.converters.AbstractConverter.convert(AbstractConverter.java:149)]    No conversion required, value is already a Boolean
[DEBUG][2017-07-03 15:41:40][org.apache.commons.beanutils.converters.AbstractConverter.setDefaultValue(AbstractConverter.java:336)]Setting default value: 0
[DEBUG][2017-07-03 15:41:40][org.apache.commons.beanutils.converters.AbstractConverter.convert(AbstractConverter.java:127)]Converting 'Integer' value '0' to type 'Byte'
[DEBUG][2017-07-03 15:41:40][org.apache.commons.beanutils.converters.AbstractConverter.convert(AbstractConverter.java:158)]    Converted to Byte value '0'
[DEBUG][2017-07-03 15:41:40][org.apache.commons.beanutils.converters.AbstractConverter.setDefaultValue(AbstractConverter.java:336)]Setting default value:  
[DEBUG][2017-07-03 15:41:40][org.apache.commons.beanutils.converters.AbstractConverter.convert(AbstractConverter.java:127)]Converting 'Character' value ' ' to type 'Character'
[DEBUG][2017-07-03 15:41:40][org.apache.commons.beanutils.converters.AbstractConverter.convert(AbstractConverter.java:149)]    No conversion required, value is already a Character
[DEBUG][2017-07-03 15:41:40][org.apache.commons.beanutils.converters.AbstractConverter.setDefaultValue(AbstractConverter.java:336)]Setting default value: 0
[DEBUG][2017-07-03 15:41:40][org.apache.commons.beanutils.converters.AbstractConverter.convert(AbstractConverter.java:127)]Converting 'Integer' value '0' to type 'Double'
[DEBUG][2017-07-03 15:41:40][org.apache.commons.beanutils.converters.AbstractConverter.convert(AbstractConverter.java:158)]    Converted to Double value '0.0'
[DEBUG][2017-07-03 15:41:40][org.apache.commons.beanutils.converters.AbstractConverter.setDefaultValue(AbstractConverter.java:336)]Setting default value: 0
[DEBUG][2017-07-03 15:41:40][org.apache.commons.beanutils.converters.AbstractConverter.convert(AbstractConverter.java:127)]Converting 'Integer' value '0' to type 'Float'
[DEBUG][2017-07-03 15:41:40][org.apache.commons.beanutils.converters.AbstractConverter.convert(AbstractConverter.java:158)]    Converted to Float value '0.0'
[DEBUG][2017-07-03 15:41:40][org.apache.commons.beanutils.converters.AbstractConverter.setDefaultValue(AbstractConverter.java:336)]Setting default value: 0
[DEBUG][2017-07-03 15:41:40][org.apache.commons.beanutils.converters.AbstractConverter.convert(AbstractConverter.java:127)]Converting 'Integer' value '0' to type 'Integer'
[DEBUG][2017-07-03 15:41:40][org.apache.commons.beanutils.converters.AbstractConverter.convert(AbstractConverter.java:149)]    No conversion required, value is already a Integer
[DEBUG][2017-07-03 15:41:40][org.apache.commons.beanutils.converters.AbstractConverter.setDefaultValue(AbstractConverter.java:336)]Setting default value: 0
[DEBUG][2017-07-03 15:41:40][org.apache.commons.beanutils.converters.AbstractConverter.convert(AbstractConverter.java:127)]Converting 'Integer' value '0' to type 'Long'
[DEBUG][2017-07-03 15:41:40][org.apache.commons.beanutils.converters.AbstractConverter.convert(AbstractConverter.java:158)]    Converted to Long value '0'
[DEBUG][2017-07-03 15:41:40][org.apache.commons.beanutils.converters.AbstractConverter.setDefaultValue(AbstractConverter.java:336)]Setting default value: 0
[DEBUG][2017-07-03 15:41:40][org.apache.commons.beanutils.converters.AbstractConverter.convert(AbstractConverter.java:127)]Converting 'Integer' value '0' to type 'Short'
[DEBUG][2017-07-03 15:41:40][org.apache.commons.beanutils.converters.AbstractConverter.convert(AbstractConverter.java:158)]    Converted to Short value '0'
[DEBUG][2017-07-03 15:41:40][org.apache.commons.beanutils.converters.AbstractConverter.setDefaultValue(AbstractConverter.java:336)]Setting default value: 0.0
[DEBUG][2017-07-03 15:41:40][org.apache.commons.beanutils.converters.AbstractConverter.convert(AbstractConverter.java:127)]Converting 'BigDecimal' value '0.0' to type 'BigDecimal'
[DEBUG][2017-07-03 15:41:40][org.apache.commons.beanutils.converters.AbstractConverter.convert(AbstractConverter.java:149)]    No conversion required, value is already a BigDecimal
[DEBUG][2017-07-03 15:41:40][org.apache.commons.beanutils.converters.AbstractConverter.setDefaultValue(AbstractConverter.java:336)]Setting default value: 0
[DEBUG][2017-07-03 15:41:40][org.apache.commons.beanutils.converters.AbstractConverter.convert(AbstractConverter.java:127)]Converting 'BigInteger' value '0' to type 'BigInteger'
[DEBUG][2017-07-03 15:41:40][org.apache.commons.beanutils.converters.AbstractConverter.convert(AbstractConverter.java:149)]    No conversion required, value is already a BigInteger
[DEBUG][2017-07-03 15:41:40][org.apache.commons.beanutils.converters.AbstractConverter.setDefaultValue(AbstractConverter.java:336)]Setting default value: false
[DEBUG][2017-07-03 15:41:40][org.apache.commons.beanutils.converters.AbstractConverter.convert(AbstractConverter.java:127)]Converting 'Boolean' value 'false' to type 'Boolean'
[DEBUG][2017-07-03 15:41:40][org.apache.commons.beanutils.converters.AbstractConverter.convert(AbstractConverter.java:149)]    No conversion required, value is already a Boolean
[DEBUG][2017-07-03 15:41:40][org.apache.commons.beanutils.converters.AbstractConverter.setDefaultValue(AbstractConverter.java:336)]Setting default value: 0
[DEBUG][2017-07-03 15:41:40][org.apache.commons.beanutils.converters.AbstractConverter.convert(AbstractConverter.java:127)]Converting 'Integer' value '0' to type 'Byte'
[DEBUG][2017-07-03 15:41:40][org.apache.commons.beanutils.converters.AbstractConverter.convert(AbstractConverter.java:158)]    Converted to Byte value '0'
[DEBUG][2017-07-03 15:41:40][org.apache.commons.beanutils.converters.AbstractConverter.setDefaultValue(AbstractConverter.java:336)]Setting default value:  
[DEBUG][2017-07-03 15:41:40][org.apache.commons.beanutils.converters.AbstractConverter.convert(AbstractConverter.java:127)]Converting 'Character' value ' ' to type 'Character'
[DEBUG][2017-07-03 15:41:40][org.apache.commons.beanutils.converters.AbstractConverter.convert(AbstractConverter.java:149)]    No conversion required, value is already a Character
[DEBUG][2017-07-03 15:41:40][org.apache.commons.beanutils.converters.AbstractConverter.setDefaultValue(AbstractConverter.java:336)]Setting default value: 0
[DEBUG][2017-07-03 15:41:40][org.apache.commons.beanutils.converters.AbstractConverter.convert(AbstractConverter.java:127)]Converting 'Integer' value '0' to type 'Double'
[DEBUG][2017-07-03 15:41:40][org.apache.commons.beanutils.converters.AbstractConverter.convert(AbstractConverter.java:158)]    Converted to Double value '0.0'
[DEBUG][2017-07-03 15:41:40][org.apache.commons.beanutils.converters.AbstractConverter.setDefaultValue(AbstractConverter.java:336)]Setting default value: 0
[DEBUG][2017-07-03 15:41:40][org.apache.commons.beanutils.converters.AbstractConverter.convert(AbstractConverter.java:127)]Converting 'Integer' value '0' to type 'Float'
[DEBUG][2017-07-03 15:41:40][org.apache.commons.beanutils.converters.AbstractConverter.convert(AbstractConverter.java:158)]    Converted to Float value '0.0'
[DEBUG][2017-07-03 15:41:40][org.apache.commons.beanutils.converters.AbstractConverter.setDefaultValue(AbstractConverter.java:336)]Setting default value: 0
[DEBUG][2017-07-03 15:41:40][org.apache.commons.beanutils.converters.AbstractConverter.convert(AbstractConverter.java:127)]Converting 'Integer' value '0' to type 'Integer'
[DEBUG][2017-07-03 15:41:40][org.apache.commons.beanutils.converters.AbstractConverter.convert(AbstractConverter.java:149)]    No conversion required, value is already a Integer
[DEBUG][2017-07-03 15:41:40][org.apache.commons.beanutils.converters.AbstractConverter.setDefaultValue(AbstractConverter.java:336)]Setting default value: 0
[DEBUG][2017-07-03 15:41:40][org.apache.commons.beanutils.converters.AbstractConverter.convert(AbstractConverter.java:127)]Converting 'Integer' value '0' to type 'Long'
[DEBUG][2017-07-03 15:41:40][org.apache.commons.beanutils.converters.AbstractConverter.convert(AbstractConverter.java:158)]    Converted to Long value '0'
[DEBUG][2017-07-03 15:41:40][org.apache.commons.beanutils.converters.AbstractConverter.setDefaultValue(AbstractConverter.java:336)]Setting default value: 0
[DEBUG][2017-07-03 15:41:40][org.apache.commons.beanutils.converters.AbstractConverter.convert(AbstractConverter.java:127)]Converting 'Integer' value '0' to type 'Short'
[DEBUG][2017-07-03 15:41:40][org.apache.commons.beanutils.converters.AbstractConverter.convert(AbstractConverter.java:158)]    Converted to Short value '0'
[DEBUG][2017-07-03 15:41:40][org.apache.commons.beanutils.converters.AbstractConverter.setDefaultValue(AbstractConverter.java:336)]Setting default value: 
[DEBUG][2017-07-03 15:41:40][org.apache.commons.beanutils.converters.AbstractConverter.convert(AbstractConverter.java:127)]Converting 'String' value '' to type 'String'
[DEBUG][2017-07-03 15:41:40][org.apache.commons.beanutils.converters.AbstractConverter.setDefaultValue(AbstractConverter.java:336)]Setting default value: [Z@782a8d29
[DEBUG][2017-07-03 15:41:40][org.apache.commons.beanutils.converters.AbstractConverter.convert(AbstractConverter.java:127)]Converting 'boolean[]' value '[Z@782a8d29' to type 'boolean[]'
[DEBUG][2017-07-03 15:41:40][org.apache.commons.beanutils.converters.AbstractConverter.convert(AbstractConverter.java:149)]    No conversion required, value is already a boolean[]
[DEBUG][2017-07-03 15:41:40][org.apache.commons.beanutils.converters.AbstractConverter.setDefaultValue(AbstractConverter.java:336)]Setting default value: [B@12eb392b
[DEBUG][2017-07-03 15:41:40][org.apache.commons.beanutils.converters.AbstractConverter.convert(AbstractConverter.java:127)]Converting 'byte[]' value '[B@12eb392b' to type 'byte[]'
[DEBUG][2017-07-03 15:41:40][org.apache.commons.beanutils.converters.AbstractConverter.convert(AbstractConverter.java:149)]    No conversion required, value is already a byte[]
[DEBUG][2017-07-03 15:41:40][org.apache.commons.beanutils.converters.AbstractConverter.setDefaultValue(AbstractConverter.java:336)]Setting default value: [C@6060a59e
[DEBUG][2017-07-03 15:41:40][org.apache.commons.beanutils.converters.AbstractConverter.convert(AbstractConverter.java:127)]Converting 'char[]' value '[C@6060a59e' to type 'char[]'
[DEBUG][2017-07-03 15:41:40][org.apache.commons.beanutils.converters.AbstractConverter.convert(AbstractConverter.java:149)]    No conversion required, value is already a char[]
[DEBUG][2017-07-03 15:41:40][org.apache.commons.beanutils.converters.AbstractConverter.setDefaultValue(AbstractConverter.java:336)]Setting default value: [D@1f0f1654
[DEBUG][2017-07-03 15:41:40][org.apache.commons.beanutils.converters.AbstractConverter.convert(AbstractConverter.java:127)]Converting 'double[]' value '[D@1f0f1654' to type 'double[]'
[DEBUG][2017-07-03 15:41:40][org.apache.commons.beanutils.converters.AbstractConverter.convert(AbstractConverter.java:149)]    No conversion required, value is already a double[]
[DEBUG][2017-07-03 15:41:40][org.apache.commons.beanutils.converters.AbstractConverter.setDefaultValue(AbstractConverter.java:336)]Setting default value: [F@33e08359
[DEBUG][2017-07-03 15:41:40][org.apache.commons.beanutils.converters.AbstractConverter.convert(AbstractConverter.java:127)]Converting 'float[]' value '[F@33e08359' to type 'float[]'
[DEBUG][2017-07-03 15:41:40][org.apache.commons.beanutils.converters.AbstractConverter.convert(AbstractConverter.java:149)]    No conversion required, value is already a float[]
[DEBUG][2017-07-03 15:41:40][org.apache.commons.beanutils.converters.AbstractConverter.setDefaultValue(AbstractConverter.java:336)]Setting default value: [I@7889c66f
[DEBUG][2017-07-03 15:41:40][org.apache.commons.beanutils.converters.AbstractConverter.convert(AbstractConverter.java:127)]Converting 'int[]' value '[I@7889c66f' to type 'int[]'
[DEBUG][2017-07-03 15:41:40][org.apache.commons.beanutils.converters.AbstractConverter.convert(AbstractConverter.java:149)]    No conversion required, value is already a int[]
[DEBUG][2017-07-03 15:41:40][org.apache.commons.beanutils.converters.AbstractConverter.setDefaultValue(AbstractConverter.java:336)]Setting default value: [J@1d20d0b5
[DEBUG][2017-07-03 15:41:40][org.apache.commons.beanutils.converters.AbstractConverter.convert(AbstractConverter.java:127)]Converting 'long[]' value '[J@1d20d0b5' to type 'long[]'
[DEBUG][2017-07-03 15:41:40][org.apache.commons.beanutils.converters.AbstractConverter.convert(AbstractConverter.java:149)]    No conversion required, value is already a long[]
[DEBUG][2017-07-03 15:41:40][org.apache.commons.beanutils.converters.AbstractConverter.setDefaultValue(AbstractConverter.java:336)]Setting default value: [S@7a7ac8f3
[DEBUG][2017-07-03 15:41:40][org.apache.commons.beanutils.converters.AbstractConverter.convert(AbstractConverter.java:127)]Converting 'short[]' value '[S@7a7ac8f3' to type 'short[]'
[DEBUG][2017-07-03 15:41:40][org.apache.commons.beanutils.converters.AbstractConverter.convert(AbstractConverter.java:149)]    No conversion required, value is already a short[]
[DEBUG][2017-07-03 15:41:40][org.apache.commons.beanutils.converters.AbstractConverter.setDefaultValue(AbstractConverter.java:336)]Setting default value: [Ljava.math.BigDecimal;@4db776ae
[DEBUG][2017-07-03 15:41:40][org.apache.commons.beanutils.converters.AbstractConverter.convert(AbstractConverter.java:127)]Converting 'BigDecimal[]' value '[Ljava.math.BigDecimal;@4db776ae' to type 'BigDecimal[]'
[DEBUG][2017-07-03 15:41:40][org.apache.commons.beanutils.converters.AbstractConverter.convert(AbstractConverter.java:149)]    No conversion required, value is already a BigDecimal[]
[DEBUG][2017-07-03 15:41:40][org.apache.commons.beanutils.converters.AbstractConverter.setDefaultValue(AbstractConverter.java:336)]Setting default value: [Ljava.math.BigInteger;@7b3b7bc9
[DEBUG][2017-07-03 15:41:40][org.apache.commons.beanutils.converters.AbstractConverter.convert(AbstractConverter.java:127)]Converting 'BigInteger[]' value '[Ljava.math.BigInteger;@7b3b7bc9' to type 'BigInteger[]'
[DEBUG][2017-07-03 15:41:40][org.apache.commons.beanutils.converters.AbstractConverter.convert(AbstractConverter.java:149)]    No conversion required, value is already a BigInteger[]
[DEBUG][2017-07-03 15:41:40][org.apache.commons.beanutils.converters.AbstractConverter.setDefaultValue(AbstractConverter.java:336)]Setting default value: [Ljava.lang.Boolean;@6005a963
[DEBUG][2017-07-03 15:41:40][org.apache.commons.beanutils.converters.AbstractConverter.convert(AbstractConverter.java:127)]Converting 'Boolean[]' value '[Ljava.lang.Boolean;@6005a963' to type 'Boolean[]'
[DEBUG][2017-07-03 15:41:40][org.apache.commons.beanutils.converters.AbstractConverter.convert(AbstractConverter.java:149)]    No conversion required, value is already a Boolean[]
[DEBUG][2017-07-03 15:41:40][org.apache.commons.beanutils.converters.AbstractConverter.setDefaultValue(AbstractConverter.java:336)]Setting default value: [Ljava.lang.Byte;@4c94d8c0
[DEBUG][2017-07-03 15:41:40][org.apache.commons.beanutils.converters.AbstractConverter.convert(AbstractConverter.java:127)]Converting 'Byte[]' value '[Ljava.lang.Byte;@4c94d8c0' to type 'Byte[]'
[DEBUG][2017-07-03 15:41:40][org.apache.commons.beanutils.converters.AbstractConverter.convert(AbstractConverter.java:149)]    No conversion required, value is already a Byte[]
[DEBUG][2017-07-03 15:41:40][org.apache.commons.beanutils.converters.AbstractConverter.setDefaultValue(AbstractConverter.java:336)]Setting default value: [Ljava.lang.Character;@3a60d5fa
[DEBUG][2017-07-03 15:41:40][org.apache.commons.beanutils.converters.AbstractConverter.convert(AbstractConverter.java:127)]Converting 'Character[]' value '[Ljava.lang.Character;@3a60d5fa' to type 'Character[]'
[DEBUG][2017-07-03 15:41:40][org.apache.commons.beanutils.converters.AbstractConverter.convert(AbstractConverter.java:149)]    No conversion required, value is already a Character[]
[DEBUG][2017-07-03 15:41:40][org.apache.commons.beanutils.converters.AbstractConverter.setDefaultValue(AbstractConverter.java:336)]Setting default value: [Ljava.lang.Double;@1a25144c
[DEBUG][2017-07-03 15:41:40][org.apache.commons.beanutils.converters.AbstractConverter.convert(AbstractConverter.java:127)]Converting 'Double[]' value '[Ljava.lang.Double;@1a25144c' to type 'Double[]'
[DEBUG][2017-07-03 15:41:40][org.apache.commons.beanutils.converters.AbstractConverter.convert(AbstractConverter.java:149)]    No conversion required, value is already a Double[]
[DEBUG][2017-07-03 15:41:40][org.apache.commons.beanutils.converters.AbstractConverter.setDefaultValue(AbstractConverter.java:336)]Setting default value: [Ljava.lang.Float;@57a6e8da
[DEBUG][2017-07-03 15:41:40][org.apache.commons.beanutils.converters.AbstractConverter.convert(AbstractConverter.java:127)]Converting 'Float[]' value '[Ljava.lang.Float;@57a6e8da' to type 'Float[]'
[DEBUG][2017-07-03 15:41:40][org.apache.commons.beanutils.converters.AbstractConverter.convert(AbstractConverter.java:149)]    No conversion required, value is already a Float[]
[DEBUG][2017-07-03 15:41:40][org.apache.commons.beanutils.converters.AbstractConverter.setDefaultValue(AbstractConverter.java:336)]Setting default value: [Ljava.lang.Integer;@3d1e7836
[DEBUG][2017-07-03 15:41:40][org.apache.commons.beanutils.converters.AbstractConverter.convert(AbstractConverter.java:127)]Converting 'Integer[]' value '[Ljava.lang.Integer;@3d1e7836' to type 'Integer[]'
[DEBUG][2017-07-03 15:41:40][org.apache.commons.beanutils.converters.AbstractConverter.convert(AbstractConverter.java:149)]    No conversion required, value is already a Integer[]
[DEBUG][2017-07-03 15:41:40][org.apache.commons.beanutils.converters.AbstractConverter.setDefaultValue(AbstractConverter.java:336)]Setting default value: [Ljava.lang.Long;@16db56a
[DEBUG][2017-07-03 15:41:40][org.apache.commons.beanutils.converters.AbstractConverter.convert(AbstractConverter.java:127)]Converting 'Long[]' value '[Ljava.lang.Long;@16db56a' to type 'Long[]'
[DEBUG][2017-07-03 15:41:40][org.apache.commons.beanutils.converters.AbstractConverter.convert(AbstractConverter.java:149)]    No conversion required, value is already a Long[]
[DEBUG][2017-07-03 15:41:40][org.apache.commons.beanutils.converters.AbstractConverter.setDefaultValue(AbstractConverter.java:336)]Setting default value: [Ljava.lang.Short;@33d8567f
[DEBUG][2017-07-03 15:41:40][org.apache.commons.beanutils.converters.AbstractConverter.convert(AbstractConverter.java:127)]Converting 'Short[]' value '[Ljava.lang.Short;@33d8567f' to type 'Short[]'
[DEBUG][2017-07-03 15:41:40][org.apache.commons.beanutils.converters.AbstractConverter.convert(AbstractConverter.java:149)]    No conversion required, value is already a Short[]
[DEBUG][2017-07-03 15:41:40][org.apache.commons.beanutils.converters.AbstractConverter.setDefaultValue(AbstractConverter.java:336)]Setting default value: [Ljava.lang.String;@53d898e6
[DEBUG][2017-07-03 15:41:40][org.apache.commons.beanutils.converters.AbstractConverter.convert(AbstractConverter.java:127)]Converting 'String[]' value '[Ljava.lang.String;@53d898e6' to type 'String[]'
[DEBUG][2017-07-03 15:41:40][org.apache.commons.beanutils.converters.AbstractConverter.convert(AbstractConverter.java:149)]    No conversion required, value is already a String[]
[DEBUG][2017-07-03 15:41:40][org.apache.commons.beanutils.converters.AbstractConverter.setDefaultValue(AbstractConverter.java:336)]Setting default value: [Ljava.lang.Class;@1dc98563
[DEBUG][2017-07-03 15:41:40][org.apache.commons.beanutils.converters.AbstractConverter.convert(AbstractConverter.java:127)]Converting 'Class[]' value '[Ljava.lang.Class;@1dc98563' to type 'Class[]'
[DEBUG][2017-07-03 15:41:40][org.apache.commons.beanutils.converters.AbstractConverter.convert(AbstractConverter.java:149)]    No conversion required, value is already a Class[]
[DEBUG][2017-07-03 15:41:40][org.apache.commons.beanutils.converters.AbstractConverter.setDefaultValue(AbstractConverter.java:336)]Setting default value: [Ljava.util.Date;@71e3b555
[DEBUG][2017-07-03 15:41:40][org.apache.commons.beanutils.converters.AbstractConverter.convert(AbstractConverter.java:127)]Converting 'Date[]' value '[Ljava.util.Date;@71e3b555' to type 'Date[]'
[DEBUG][2017-07-03 15:41:40][org.apache.commons.beanutils.converters.AbstractConverter.convert(AbstractConverter.java:149)]    No conversion required, value is already a Date[]
[DEBUG][2017-07-03 15:41:40][org.apache.commons.beanutils.converters.AbstractConverter.setDefaultValue(AbstractConverter.java:336)]Setting default value: [Ljava.util.Calendar;@1771c9e9
[DEBUG][2017-07-03 15:41:40][org.apache.commons.beanutils.converters.AbstractConverter.convert(AbstractConverter.java:127)]Converting 'Calendar[]' value '[Ljava.util.Calendar;@1771c9e9' to type 'Calendar[]'
[DEBUG][2017-07-03 15:41:40][org.apache.commons.beanutils.converters.AbstractConverter.convert(AbstractConverter.java:149)]    No conversion required, value is already a Calendar[]
[DEBUG][2017-07-03 15:41:40][org.apache.commons.beanutils.converters.AbstractConverter.setDefaultValue(AbstractConverter.java:336)]Setting default value: [Ljava.io.File;@2a67f879
[DEBUG][2017-07-03 15:41:40][org.apache.commons.beanutils.converters.AbstractConverter.convert(AbstractConverter.java:127)]Converting 'java.io.File[]' value '[Ljava.io.File;@2a67f879' to type 'java.io.File[]'
[DEBUG][2017-07-03 15:41:40][org.apache.commons.beanutils.converters.AbstractConverter.convert(AbstractConverter.java:149)]    No conversion required, value is already a java.io.File[]
[DEBUG][2017-07-03 15:41:40][org.apache.commons.beanutils.converters.AbstractConverter.setDefaultValue(AbstractConverter.java:336)]Setting default value: [Ljava.sql.Date;@7887ec6f
[DEBUG][2017-07-03 15:41:40][org.apache.commons.beanutils.converters.AbstractConverter.convert(AbstractConverter.java:127)]Converting 'java.sql.Date[]' value '[Ljava.sql.Date;@7887ec6f' to type 'java.sql.Date[]'
[DEBUG][2017-07-03 15:41:40][org.apache.commons.beanutils.converters.AbstractConverter.convert(AbstractConverter.java:149)]    No conversion required, value is already a java.sql.Date[]
[DEBUG][2017-07-03 15:41:40][org.apache.commons.beanutils.converters.AbstractConverter.setDefaultValue(AbstractConverter.java:336)]Setting default value: [Ljava.sql.Time;@3e007bd5
[DEBUG][2017-07-03 15:41:40][org.apache.commons.beanutils.converters.AbstractConverter.convert(AbstractConverter.java:127)]Converting 'java.sql.Time[]' value '[Ljava.sql.Time;@3e007bd5' to type 'java.sql.Time[]'
[DEBUG][2017-07-03 15:41:40][org.apache.commons.beanutils.converters.AbstractConverter.convert(AbstractConverter.java:149)]    No conversion required, value is already a java.sql.Time[]
[DEBUG][2017-07-03 15:41:40][org.apache.commons.beanutils.converters.AbstractConverter.setDefaultValue(AbstractConverter.java:336)]Setting default value: [Ljava.sql.Timestamp;@1a1919ad
[DEBUG][2017-07-03 15:41:40][org.apache.commons.beanutils.converters.AbstractConverter.convert(AbstractConverter.java:127)]Converting 'java.sql.Timestamp[]' value '[Ljava.sql.Timestamp;@1a1919ad' to type 'java.sql.Timestamp[]'
[DEBUG][2017-07-03 15:41:40][org.apache.commons.beanutils.converters.AbstractConverter.convert(AbstractConverter.java:149)]    No conversion required, value is already a java.sql.Timestamp[]
[DEBUG][2017-07-03 15:41:40][org.apache.commons.beanutils.converters.AbstractConverter.setDefaultValue(AbstractConverter.java:336)]Setting default value: [Ljava.net.URL;@338dc63
[DEBUG][2017-07-03 15:41:40][org.apache.commons.beanutils.converters.AbstractConverter.convert(AbstractConverter.java:127)]Converting 'java.net.URL[]' value '[Ljava.net.URL;@338dc63' to type 'java.net.URL[]'
[DEBUG][2017-07-03 15:41:40][org.apache.commons.beanutils.converters.AbstractConverter.convert(AbstractConverter.java:149)]    No conversion required, value is already a java.net.URL[]
[WARN ][2017-07-03 15:41:40][net.sf.json.JSONObject.toBean(JSONObject.java:456)]Tried to assign property ONAP:java.lang.String to bean of class model.ListYml
[WARN ][2017-07-03 15:41:40][net.sf.json.JSONObject.toBean(JSONObject.java:456)]Tried to assign property HTTP:java.lang.String to bean of class model.ListYml
[WARN ][2017-07-03 15:41:40][net.sf.json.JSONObject.toBean(JSONObject.java:456)]Tried to assign property ONAP:java.lang.String to bean of class model.ListYml
[WARN ][2017-07-03 15:41:40][net.sf.json.JSONObject.toBean(JSONObject.java:456)]Tried to assign property HTTP:java.lang.String to bean of class model.ListYml
[WARN ][2017-07-03 15:41:40][net.sf.json.JSONObject.toBean(JSONObject.java:456)]Tried to assign property abstract:java.lang.String to bean of class model.ListYml
[WARN ][2017-07-03 15:41:40][net.sf.json.JSONObject.toBean(JSONObject.java:456)]Tried to assign property abstract:java.lang.String to bean of class model.ListYml
[WARN ][2017-07-03 15:41:40][net.sf.json.JSONObject.toBean(JSONObject.java:456)]Tried to assign property abstract:java.lang.String to bean of class model.ListYml
[WARN ][2017-07-03 15:41:40][net.sf.json.JSONObject.toBean(JSONObject.java:456)]Tried to assign property abstract:java.lang.String to bean of class model.ListYml
[WARN ][2017-07-03 15:41:40][net.sf.json.JSONObject.toBean(JSONObject.java:456)]Tried to assign property abstract:java.lang.String to bean of class model.ListYml
[WARN ][2017-07-03 15:41:40][net.sf.json.JSONObject.toBean(JSONObject.java:456)]Tried to assign property abstract:java.lang.String to bean of class model.ListYml
[WARN ][2017-07-03 15:41:40][net.sf.json.JSONObject.toBean(JSONObject.java:456)]Tried to assign property abstract:java.lang.String to bean of class model.ListYml
[WARN ][2017-07-03 15:41:40][net.sf.json.JSONObject.toBean(JSONObject.java:456)]Tried to assign property abstract:java.lang.String to bean of class model.ListYml
[WARN ][2017-07-03 15:41:40][net.sf.json.JSONObject.toBean(JSONObject.java:456)]Tried to assign property abstract:java.lang.String to bean of class model.ListYml
